system   D            wsystem.c:583  maybe_parent_dir                 [   0.00054] Also searching D:\Xkonti\Studia\Podstawy Programowania\RoboSim\
system   D            wsystem.c:633  _al_win_safe_load_library        [   0.00083] PathFindOnPath found: C:\WINDOWS\system32\d3d9.dll
system   D            wsystem.c:544  load_library_at_path             [   0.00085] Calling LoadLibrary C:\WINDOWS\system32\d3d9.dll
system   I            wsystem.c:547  load_library_at_path             [   0.00622] Loaded C:\WINDOWS\system32\d3d9.dll
d3d      I         d3d_disp.cpp:696  _al_d3d_init_display             [   0.02743] Render-to-texture: 1
system   I             system.c:252  al_install_system                [   0.02747] Allegro version: 5.0.10
d3d      I         d3d_disp.cpp:1737 d3d_create_display_locked        [   0.02859] faux_fullscreen=0
d3d      D         d3d_disp.cpp:1738 d3d_create_display_locked        [   0.02861] al_display=00564DE8
d3d      D         d3d_disp.cpp:1739 d3d_create_display_locked        [   0.02862] al_display->vt=00594290
d3d      I d3d_display_formats.cpp:144  _al_d3d_generate_display_format_list [   0.03215] found 64 format combinations
display  D   display_settings.c:191  debug_display_settings           [   0.03218] color: 32 (rgba 8880), depth: 0, stencil: 0, acc: 0000, samples: 0/0
display  D   display_settings.c:506  _al_score_display_settings       [   0.03220] Score is : 897
display  D   display_settings.c:191  debug_display_settings           [   0.03221] color: 32 (rgba 8880), depth: 0, stencil: 0, acc: 0000, samples: 0/0
display  D   display_settings.c:506  _al_score_display_settings       [   0.03223] Score is : 897
display  D   display_settings.c:191  debug_display_settings           [   0.03224] color: 32 (rgba 8880), depth: 24, stencil: 8, acc: 0000, samples: 0/0
display  D   display_settings.c:506  _al_score_display_settings       [   0.03226] Score is : 897
display  D   display_settings.c:191  debug_display_settings           [   0.03227] color: 32 (rgba 8880), depth: 24, stencil: 8, acc: 0000, samples: 0/0
display  D   display_settings.c:506  _al_score_display_settings       [   0.03229] Score is : 897
display  D   display_settings.c:191  debug_display_settings           [   0.03230] color: 32 (rgba 8880), depth: 24, stencil: 0, acc: 0000, samples: 0/0
display  D   display_settings.c:506  _al_score_display_settings       [   0.03231] Score is : 897
display  D   display_settings.c:191  debug_display_settings           [   0.03233] color: 32 (rgba 8880), depth: 24, stencil: 0, acc: 0000, samples: 0/0
display  D   display_settings.c:506  _al_score_display_settings       [   0.03234] Score is : 897
display  D   display_settings.c:191  debug_display_settings           [   0.03235] color: 32 (rgba 8880), depth: 16, stencil: 0, acc: 0000, samples: 0/0
display  D   display_settings.c:506  _al_score_display_settings       [   0.03237] Score is : 897
display  D   display_settings.c:191  debug_display_settings           [   0.03238] color: 32 (rgba 8880), depth: 16, stencil: 0, acc: 0000, samples: 0/0
display  D   display_settings.c:506  _al_score_display_settings       [   0.03240] Score is : 897
display  D   display_settings.c:191  debug_display_settings           [   0.03241] color: 16 (rgba 5650), depth: 0, stencil: 0, acc: 0000, samples: 0/0
display  D   display_settings.c:506  _al_score_display_settings       [   0.03242] Score is : 897
display  D   display_settings.c:191  debug_display_settings           [   0.03244] color: 16 (rgba 5650), depth: 0, stencil: 0, acc: 0000, samples: 0/0
display  D   display_settings.c:506  _al_score_display_settings       [   0.03245] Score is : 897
display  D   display_settings.c:191  debug_display_settings           [   0.03246] color: 16 (rgba 5650), depth: 24, stencil: 8, acc: 0000, samples: 0/0
display  D   display_settings.c:506  _al_score_display_settings       [   0.03248] Score is : 897
display  D   display_settings.c:191  debug_display_settings           [   0.03249] color: 16 (rgba 5650), depth: 24, stencil: 8, acc: 0000, samples: 0/0
display  D   display_settings.c:506  _al_score_display_settings       [   0.03255] Score is : 897
display  D   display_settings.c:191  debug_display_settings           [   0.03257] color: 16 (rgba 5650), depth: 24, stencil: 0, acc: 0000, samples: 0/0
display  D   display_settings.c:506  _al_score_display_settings       [   0.03258] Score is : 897
display  D   display_settings.c:191  debug_display_settings           [   0.03260] color: 16 (rgba 5650), depth: 24, stencil: 0, acc: 0000, samples: 0/0
display  D   display_settings.c:506  _al_score_display_settings       [   0.03261] Score is : 897
display  D   display_settings.c:191  debug_display_settings           [   0.03262] color: 16 (rgba 5650), depth: 16, stencil: 0, acc: 0000, samples: 0/0
display  D   display_settings.c:506  _al_score_display_settings       [   0.03264] Score is : 897
display  D   display_settings.c:191  debug_display_settings           [   0.03265] color: 16 (rgba 5650), depth: 16, stencil: 0, acc: 0000, samples: 0/0
display  D   display_settings.c:506  _al_score_display_settings       [   0.03266] Score is : 897
display  D   display_settings.c:191  debug_display_settings           [   0.03268] color: 32 (rgba 8880), depth: 0, stencil: 0, acc: 0000, samples: 0/0
display  D   display_settings.c:377  _al_score_display_settings       [   0.03269] Single Buffer requirement not met.
display  D   display_settings.c:191  debug_display_settings           [   0.03271] color: 32 (rgba 8880), depth: 0, stencil: 0, acc: 0000, samples: 0/0
display  D   display_settings.c:377  _al_score_display_settings       [   0.03272] Single Buffer requirement not met.
display  D   display_settings.c:191  debug_display_settings           [   0.03274] color: 32 (rgba 8880), depth: 24, stencil: 8, acc: 0000, samples: 0/0
display  D   display_settings.c:377  _al_score_display_settings       [   0.03275] Single Buffer requirement not met.
display  D   display_settings.c:191  debug_display_settings           [   0.03277] color: 32 (rgba 8880), depth: 24, stencil: 8, acc: 0000, samples: 0/0
display  D   display_settings.c:377  _al_score_display_settings       [   0.03278] Single Buffer requirement not met.
display  D   display_settings.c:191  debug_display_settings           [   0.03279] color: 32 (rgba 8880), depth: 24, stencil: 0, acc: 0000, samples: 0/0
display  D   display_settings.c:377  _al_score_display_settings       [   0.03281] Single Buffer requirement not met.
display  D   display_settings.c:191  debug_display_settings           [   0.03282] color: 32 (rgba 8880), depth: 24, stencil: 0, acc: 0000, samples: 0/0
display  D   display_settings.c:377  _al_score_display_settings       [   0.03284] Single Buffer requirement not met.
display  D   display_settings.c:191  debug_display_settings           [   0.03285] color: 32 (rgba 8880), depth: 16, stencil: 0, acc: 0000, samples: 0/0
display  D   display_settings.c:377  _al_score_display_settings       [   0.03286] Single Buffer requirement not met.
display  D   display_settings.c:191  debug_display_settings           [   0.03288] color: 32 (rgba 8880), depth: 16, stencil: 0, acc: 0000, samples: 0/0
display  D   display_settings.c:377  _al_score_display_settings       [   0.03289] Single Buffer requirement not met.
display  D   display_settings.c:191  debug_display_settings           [   0.03290] color: 16 (rgba 5650), depth: 0, stencil: 0, acc: 0000, samples: 0/0
display  D   display_settings.c:377  _al_score_display_settings       [   0.03292] Single Buffer requirement not met.
display  D   display_settings.c:191  debug_display_settings           [   0.03293] color: 16 (rgba 5650), depth: 0, stencil: 0, acc: 0000, samples: 0/0
display  D   display_settings.c:377  _al_score_display_settings       [   0.03295] Single Buffer requirement not met.
display  D   display_settings.c:191  debug_display_settings           [   0.03296] color: 16 (rgba 5650), depth: 24, stencil: 8, acc: 0000, samples: 0/0
display  D   display_settings.c:377  _al_score_display_settings       [   0.03297] Single Buffer requirement not met.
display  D   display_settings.c:191  debug_display_settings           [   0.03299] color: 16 (rgba 5650), depth: 24, stencil: 8, acc: 0000, samples: 0/0
display  D   display_settings.c:377  _al_score_display_settings       [   0.03301] Single Buffer requirement not met.
display  D   display_settings.c:191  debug_display_settings           [   0.03302] color: 16 (rgba 5650), depth: 24, stencil: 0, acc: 0000, samples: 0/0
display  D   display_settings.c:377  _al_score_display_settings       [   0.03303] Single Buffer requirement not met.
display  D   display_settings.c:191  debug_display_settings           [   0.03305] color: 16 (rgba 5650), depth: 24, stencil: 0, acc: 0000, samples: 0/0
display  D   display_settings.c:377  _al_score_display_settings       [   0.03306] Single Buffer requirement not met.
display  D   display_settings.c:191  debug_display_settings           [   0.03307] color: 16 (rgba 5650), depth: 16, stencil: 0, acc: 0000, samples: 0/0
display  D   display_settings.c:377  _al_score_display_settings       [   0.03309] Single Buffer requirement not met.
display  D   display_settings.c:191  debug_display_settings           [   0.03310] color: 16 (rgba 5650), depth: 16, stencil: 0, acc: 0000, samples: 0/0
display  D   display_settings.c:377  _al_score_display_settings       [   0.03312] Single Buffer requirement not met.
display  D   display_settings.c:191  debug_display_settings           [   0.03313] color: 32 (rgba 8880), depth: 0, stencil: 0, acc: 0000, samples: 0/0
display  D   display_settings.c:506  _al_score_display_settings       [   0.03315] Score is : 769
display  D   display_settings.c:191  debug_display_settings           [   0.03316] color: 32 (rgba 8880), depth: 0, stencil: 0, acc: 0000, samples: 0/0
display  D   display_settings.c:506  _al_score_display_settings       [   0.03317] Score is : 769
display  D   display_settings.c:191  debug_display_settings           [   0.03318] color: 32 (rgba 8880), depth: 24, stencil: 8, acc: 0000, samples: 0/0
display  D   display_settings.c:506  _al_score_display_settings       [   0.03320] Score is : 769
display  D   display_settings.c:191  debug_display_settings           [   0.03321] color: 32 (rgba 8880), depth: 24, stencil: 8, acc: 0000, samples: 0/0
display  D   display_settings.c:506  _al_score_display_settings       [   0.03323] Score is : 769
display  D   display_settings.c:191  debug_display_settings           [   0.03324] color: 32 (rgba 8880), depth: 24, stencil: 0, acc: 0000, samples: 0/0
display  D   display_settings.c:506  _al_score_display_settings       [   0.03326] Score is : 769
display  D   display_settings.c:191  debug_display_settings           [   0.03327] color: 32 (rgba 8880), depth: 24, stencil: 0, acc: 0000, samples: 0/0
display  D   display_settings.c:506  _al_score_display_settings       [   0.03328] Score is : 769
display  D   display_settings.c:191  debug_display_settings           [   0.03329] color: 32 (rgba 8880), depth: 16, stencil: 0, acc: 0000, samples: 0/0
display  D   display_settings.c:506  _al_score_display_settings       [   0.03331] Score is : 769
display  D   display_settings.c:191  debug_display_settings           [   0.03332] color: 32 (rgba 8880), depth: 16, stencil: 0, acc: 0000, samples: 0/0
display  D   display_settings.c:506  _al_score_display_settings       [   0.03334] Score is : 769
display  D   display_settings.c:191  debug_display_settings           [   0.03335] color: 16 (rgba 5650), depth: 0, stencil: 0, acc: 0000, samples: 0/0
display  D   display_settings.c:506  _al_score_display_settings       [   0.03336] Score is : 769
display  D   display_settings.c:191  debug_display_settings           [   0.03338] color: 16 (rgba 5650), depth: 0, stencil: 0, acc: 0000, samples: 0/0
display  D   display_settings.c:506  _al_score_display_settings       [   0.03339] Score is : 769
display  D   display_settings.c:191  debug_display_settings           [   0.03340] color: 16 (rgba 5650), depth: 24, stencil: 8, acc: 0000, samples: 0/0
display  D   display_settings.c:506  _al_score_display_settings       [   0.03342] Score is : 769
display  D   display_settings.c:191  debug_display_settings           [   0.03343] color: 16 (rgba 5650), depth: 24, stencil: 8, acc: 0000, samples: 0/0
display  D   display_settings.c:506  _al_score_display_settings       [   0.03345] Score is : 769
display  D   display_settings.c:191  debug_display_settings           [   0.03346] color: 16 (rgba 5650), depth: 24, stencil: 0, acc: 0000, samples: 0/0
display  D   display_settings.c:506  _al_score_display_settings       [   0.03348] Score is : 769
display  D   display_settings.c:191  debug_display_settings           [   0.03349] color: 16 (rgba 5650), depth: 24, stencil: 0, acc: 0000, samples: 0/0
display  D   display_settings.c:506  _al_score_display_settings       [   0.03350] Score is : 769
display  D   display_settings.c:191  debug_display_settings           [   0.03352] color: 16 (rgba 5650), depth: 16, stencil: 0, acc: 0000, samples: 0/0
display  D   display_settings.c:506  _al_score_display_settings       [   0.03353] Score is : 769
display  D   display_settings.c:191  debug_display_settings           [   0.03354] color: 16 (rgba 5650), depth: 16, stencil: 0, acc: 0000, samples: 0/0
display  D   display_settings.c:506  _al_score_display_settings       [   0.03356] Score is : 769
display  D   display_settings.c:191  debug_display_settings           [   0.03357] color: 32 (rgba 8880), depth: 0, stencil: 0, acc: 0000, samples: 0/0
display  D   display_settings.c:377  _al_score_display_settings       [   0.03359] Single Buffer requirement not met.
display  D   display_settings.c:191  debug_display_settings           [   0.03360] color: 32 (rgba 8880), depth: 0, stencil: 0, acc: 0000, samples: 0/0
display  D   display_settings.c:377  _al_score_display_settings       [   0.03361] Single Buffer requirement not met.
display  D   display_settings.c:191  debug_display_settings           [   0.03363] color: 32 (rgba 8880), depth: 24, stencil: 8, acc: 0000, samples: 0/0
display  D   display_settings.c:377  _al_score_display_settings       [   0.03364] Single Buffer requirement not met.
display  D   display_settings.c:191  debug_display_settings           [   0.03365] color: 32 (rgba 8880), depth: 24, stencil: 8, acc: 0000, samples: 0/0
display  D   display_settings.c:377  _al_score_display_settings       [   0.03367] Single Buffer requirement not met.
display  D   display_settings.c:191  debug_display_settings           [   0.03368] color: 32 (rgba 8880), depth: 24, stencil: 0, acc: 0000, samples: 0/0
display  D   display_settings.c:377  _al_score_display_settings       [   0.03370] Single Buffer requirement not met.
display  D   display_settings.c:191  debug_display_settings           [   0.03372] color: 32 (rgba 8880), depth: 24, stencil: 0, acc: 0000, samples: 0/0
display  D   display_settings.c:377  _al_score_display_settings       [   0.03374] Single Buffer requirement not met.
display  D   display_settings.c:191  debug_display_settings           [   0.03375] color: 32 (rgba 8880), depth: 16, stencil: 0, acc: 0000, samples: 0/0
display  D   display_settings.c:377  _al_score_display_settings       [   0.03377] Single Buffer requirement not met.
display  D   display_settings.c:191  debug_display_settings           [   0.03378] color: 32 (rgba 8880), depth: 16, stencil: 0, acc: 0000, samples: 0/0
display  D   display_settings.c:377  _al_score_display_settings       [   0.03379] Single Buffer requirement not met.
display  D   display_settings.c:191  debug_display_settings           [   0.03381] color: 16 (rgba 5650), depth: 0, stencil: 0, acc: 0000, samples: 0/0
display  D   display_settings.c:377  _al_score_display_settings       [   0.03382] Single Buffer requirement not met.
display  D   display_settings.c:191  debug_display_settings           [   0.03383] color: 16 (rgba 5650), depth: 0, stencil: 0, acc: 0000, samples: 0/0
display  D   display_settings.c:377  _al_score_display_settings       [   0.03385] Single Buffer requirement not met.
display  D   display_settings.c:191  debug_display_settings           [   0.03386] color: 16 (rgba 5650), depth: 24, stencil: 8, acc: 0000, samples: 0/0
display  D   display_settings.c:377  _al_score_display_settings       [   0.03391] Single Buffer requirement not met.
display  D   display_settings.c:191  debug_display_settings           [   0.03392] color: 16 (rgba 5650), depth: 24, stencil: 8, acc: 0000, samples: 0/0
display  D   display_settings.c:377  _al_score_display_settings       [   0.03394] Single Buffer requirement not met.
display  D   display_settings.c:191  debug_display_settings           [   0.03395] color: 16 (rgba 5650), depth: 24, stencil: 0, acc: 0000, samples: 0/0
display  D   display_settings.c:377  _al_score_display_settings       [   0.03396] Single Buffer requirement not met.
display  D   display_settings.c:191  debug_display_settings           [   0.03398] color: 16 (rgba 5650), depth: 24, stencil: 0, acc: 0000, samples: 0/0
display  D   display_settings.c:377  _al_score_display_settings       [   0.03399] Single Buffer requirement not met.
display  D   display_settings.c:191  debug_display_settings           [   0.03400] color: 16 (rgba 5650), depth: 16, stencil: 0, acc: 0000, samples: 0/0
display  D   display_settings.c:377  _al_score_display_settings       [   0.03402] Single Buffer requirement not met.
display  D   display_settings.c:191  debug_display_settings           [   0.03403] color: 16 (rgba 5650), depth: 16, stencil: 0, acc: 0000, samples: 0/0
display  D   display_settings.c:377  _al_score_display_settings       [   0.03405] Single Buffer requirement not met.
d3d      D         d3d_disp.cpp:1645 d3d_create_display_internals     [   0.03407] Trying format 0.
d3d      I         d3d_disp.cpp:1326 d3d_display_thread_proc          [   0.03477] Chose a display format: 23
d3d      I         d3d_disp.cpp:1395 d3d_display_thread_proc          [   0.03485] Normal window.
d3d      I         d3d_disp.cpp:801  d3d_create_device                [   0.04708] Using no depth stencil buffer
d3d      D         d3d_disp.cpp:866  d3d_create_device                [   0.06177] BeginScene succeeded in create_device
d3d      D         d3d_disp.cpp:874  d3d_create_device                [   0.06180] Success
d3d      D         d3d_disp.cpp:1668 d3d_create_display_internals     [   0.06185] Resumed after wait.
d3d      I         d3d_disp.cpp:1701 d3d_create_display_internals     [   0.06188] Format 0 succeeded.
d3d      D         d3d_disp.cpp:1724 d3d_create_display_internals     [   0.06191] Returning d3d_display: 00564DE8
d3d      D         d3d_disp.cpp:1749 d3d_create_display_locked        [   0.06193] al_display=00564DE8
d3d      D         d3d_disp.cpp:1750 d3d_create_display_locked        [   0.06194] al_display->vt=00594290
dtor     D               dtor.c:184  _al_register_destructor          [   0.06392] added dtor for object 00635E38, func 545D27A7
d3d      I         d3d_disp.cpp:921  d3d_destroy_display              [   4.91584] destroying display 00564DE8 (current 00000000)
d3d      D         d3d_disp.cpp:905  d3d_destroy_display_internals    [   4.91588] waiting for display 00564DE8's thread to end
d3d      W         d3d_disp.cpp:617  d3d_destroy_device               [   4.91871] d3d_destroy_device: ref count not 0
d3d      I         d3d_disp.cpp:1527 d3d_display_thread_proc          [   4.92105] d3d display thread exits
dtor     D               dtor.c:114  _al_run_destructors              [   6.17412] calling dtor for object 00635E38, func 545D27A7
dtor     D               dtor.c:214  _al_unregister_destructor        [   6.17416] removed dtor for object 00635E38
